<?xml version="1.0" encoding="UTF-8"?>
<!-- Generated by org.testng.reporters.JUnitReportReporter -->
<testsuite hostname="LAPTOP-L4E43QCP" failures="0" tests="2" name="testNG.firsttestcase" time="0.010" errors="0" timestamp="2023-04-11T23:49:49 IST" skipped="0">
  <testcase classname="testNG.firsttestcase" name="verify2" time="0.004"/>
  <system-out/>
  <testcase classname="testNG.firsttestcase" name="verify" time="0.006"/>
  <system-out/>
</testsuite> <!-- testNG.firsttestcase -->
