<?xml version="1.0" encoding="UTF-8"?>
<!-- Generated by org.testng.reporters.JUnitReportReporter -->
<testsuite hostname="LAPTOP-4VIC74S6" failures="0" tests="3" name="Testng" time="0.015" errors="0" timestamp="2021-12-20T12:39:31 IST" skipped="0">
  <testcase classname="Testng" name="login" time="0.010"/>
  <system-out/>
  <testcase classname="Testng" name="signout" time="0.002"/>
  <system-out/>
  <testcase classname="Testng" name="verify" time="0.003"/>
  <system-out/>
</testsuite> <!-- Testng -->
