<?xml version="1.0" encoding="UTF-8"?>
<!-- Generated by org.testng.reporters.JUnitReportReporter -->
<testsuite hostname="LAPTOP-L4E43QCP" failures="0" tests="3" name="testNG.Dependancy" time="0.008" errors="0" timestamp="2023-08-30T23:50:36 IST" skipped="0">
  <testcase classname="testNG.Dependancy" name="createshipment" time="0.007"/>
  <system-out/>
  <testcase classname="testNG.Dependancy" name="trackingshipment" time="0.000"/>
  <system-out/>
  <testcase classname="testNG.Dependancy" name="cancelshipment" time="0.001"/>
  <system-out/>
</testsuite> <!-- testNG.Dependancy -->
