<?xml version="1.0" encoding="UTF-8"?>
<!-- Generated by org.testng.reporters.JUnitReportReporter -->
<testsuite hostname="LAPTOP-L4E43QCP" failures="0" tests="4" name="testNG.parallel_execution" time="43.541" errors="0" timestamp="2023-10-21T10:22:06 IST" skipped="0">
  <testcase classname="testNG.parallel_execution" name="BM" time="7.332"/>
  <system-out/>
  <testcase classname="testNG.parallel_execution" name="BM" time="13.550"/>
  <system-out/>
  <testcase classname="testNG.parallel_execution" name="BM" time="14.598"/>
  <system-out/>
  <testcase classname="testNG.parallel_execution" name="BM" time="8.061"/>
  <system-out/>
</testsuite> <!-- testNG.parallel_execution -->
