<?xml version="1.0" encoding="UTF-8"?>
<!-- Generated by org.testng.reporters.JUnitReportReporter -->
<testsuite hostname="LAPTOP-L4E43QCP" failures="0" tests="6" name="testNG.groupclass" time="0.009" errors="0" timestamp="2023-08-30T23:52:12 IST" skipped="0">
  <testcase classname="testNG.groupclass" name="test2" time="0.001"/>
  <system-out/>
  <testcase classname="testNG.groupclass" name="test3" time="0.002"/>
  <system-out/>
  <testcase classname="testNG.groupclass" name="browseron" time="0.001"/>
  <system-out/>
  <testcase classname="testNG.groupclass" name="forth" time="0.002"/>
  <system-out/>
  <testcase classname="testNG.groupclass" name="browseroff" time="0.002"/>
  <system-out/>
  <testcase classname="testNG.groupclass" name="first" time="0.001"/>
  <system-out/>
</testsuite> <!-- testNG.groupclass -->
