<?xml version="1.0" encoding="UTF-8"?>
<!-- Generated by org.testng.reporters.JUnitReportReporter -->
<testsuite hostname="LAPTOP-L4E43QCP" failures="0" tests="1" name="testNG.ExtentReportss" time="6.248" errors="0" timestamp="2023-06-17T22:03:10 IST" skipped="0">
  <testcase classname="testNG.ExtentReportss" name="extentcode" time="6.248"/>
  <system-out/>
</testsuite> <!-- testNG.ExtentReportss -->
