<?xml version="1.0" encoding="UTF-8"?>
<!-- Generated by org.testng.reporters.JUnitReportReporter -->
<testsuite hostname="LAPTOP-L4E43QCP" failures="0" tests="6" name="testNG.Grouping" time="0.022" errors="0" timestamp="2023-08-30T23:52:12 IST" skipped="0">
  <testcase classname="testNG.Grouping" name="test2" time="0.001"/>
  <system-out/>
  <testcase classname="testNG.Grouping" name="browseron" time="0.001"/>
  <system-out/>
  <testcase classname="testNG.Grouping" name="forth" time="0.002"/>
  <system-out/>
  <testcase classname="testNG.Grouping" name="first" time="0.001"/>
  <system-out/>
  <testcase classname="testNG.Grouping" name="test3" time="0.002"/>
  <system-out/>
  <testcase classname="testNG.Grouping" name="browseroff" time="0.015"/>
  <system-out/>
</testsuite> <!-- testNG.Grouping -->
