<?xml version="1.0" encoding="UTF-8"?>
<!-- Generated by org.testng.reporters.JUnitReportReporter -->
<testsuite hostname="LAPTOP-L4E43QCP" failures="0" tests="4" name="testNG.dataprovider" time="0.007" errors="0" timestamp="2023-12-24T17:40:22 IST" skipped="0">
  <testcase classname="testNG.dataprovider" name="datacollect" time="0.004"/>
  <system-out/>
  <testcase classname="testNG.dataprovider" name="datacollect" time="0.001"/>
  <system-out/>
  <testcase classname="testNG.dataprovider" name="datacollect2" time="0.001"/>
  <system-out/>
  <testcase classname="testNG.dataprovider" name="datacollect2" time="0.001"/>
  <system-out/>
</testsuite> <!-- testNG.dataprovider -->
